# JRE version: Java(TM) SE Runtime Environment (8.0-b132) (build 1.8.0-b132)
# Java VM: Java HotSpot(TM) 64-Bit Server VM (25.0-b70 mixed mode windows-amd64 compressed oops)
Heap:
 PSYoungGen      total 532992K, used 409117K [0x00000000d6400000, 0x00000000f6e00000, 0x0000000100000000)
  eden space 531968K, 76% used [0x00000000d6400000,0x00000000ef2ff4e0,0x00000000f6b80000)
  from space 1024K, 53% used [0x00000000f6c80000,0x00000000f6d08000,0x00000000f6d80000)
  to   space 1024K, 0% used [0x00000000f6b80000,0x00000000f6b80000,0x00000000f6c80000)
 ParOldGen       total 59904K, used 58316K [0x0000000082c00000, 0x0000000086680000, 0x00000000d6400000)
  object space 59904K, 97% used [0x0000000082c00000,0x00000000864f3160,0x0000000086680000)
 Metaspace       used 68159K, capacity 69372K, committed 69504K, reserved 1110016K
  class space    used 7781K, capacity 8275K, committed 8320K, reserved 1048576K
GC Heap History (10 events):
Event: 229.044 GC heap before
{Heap before GC invocations=184 (full 4):
 PSYoungGen      total 518144K, used 517184K [0x00000000d6400000, 0x00000000f6380000, 0x0000000100000000)
  eden space 516608K, 100% used [0x00000000d6400000,0x00000000f5c80000,0x00000000f5c80000)
  from space 1536K, 37% used [0x00000000f5c80000,0x00000000f5d10000,0x00000000f5e00000)
  to   space 1024K, 0% used [0x00000000f6280000,0x00000000f6280000,0x00000000f6380000)
 ParOldGen       total 59904K, used 58068K [0x0000000082c00000, 0x0000000086680000, 0x00000000d6400000)
  object space 59904K, 96% used [0x0000000082c00000,0x00000000864b5160,0x0000000086680000)
 Metaspace       used 48109K, capacity 49202K, committed 49408K, reserved 1091584K
  class space    used 6013K, capacity 6311K, committed 6400K, reserved 1048576K
Event: 229.046 GC heap after
Heap after GC invocations=184 (full 4):
 PSYoungGen      total 522752K, used 576K [0x00000000d6400000, 0x00000000f6380000, 0x0000000100000000)
  eden space 521728K, 0% used [0x00000000d6400000,0x00000000d6400000,0x00000000f6180000)
  from space 1024K, 56% used [0x00000000f6280000,0x00000000f6310000,0x00000000f6380000)
  to   space 1024K, 0% used [0x00000000f6180000,0x00000000f6180000,0x00000000f6280000)
 ParOldGen       total 59904K, used 58116K [0x0000000082c00000, 0x0000000086680000, 0x00000000d6400000)
  object space 59904K, 97% used [0x0000000082c00000,0x00000000864c1160,0x0000000086680000)
 Metaspace       used 48109K, capacity 49202K, committed 49408K, reserved 1091584K
  class space    used 6013K, capacity 6311K, committed 6400K, reserved 1048576K
}
Event: 229.878 GC heap before
{Heap before GC invocations=185 (full 4):
 PSYoungGen      total 522752K, used 522304K [0x00000000d6400000, 0x00000000f6380000, 0x0000000100000000)
  eden space 521728K, 100% used [0x00000000d6400000,0x00000000f6180000,0x00000000f6180000)
  from space 1024K, 56% used [0x00000000f6280000,0x00000000f6310000,0x00000000f6380000)
  to   space 1024K, 0% used [0x00000000f6180000,0x00000000f6180000,0x00000000f6280000)
 ParOldGen       total 59904K, used 58116K [0x0000000082c00000, 0x0000000086680000, 0x00000000d6400000)
  object space 59904K, 97% used [0x0000000082c00000,0x00000000864c1160,0x0000000086680000)
 Metaspace       used 48109K, capacity 49202K, committed 49408K, reserved 1091584K
  class space    used 6013K, capacity 6311K, committed 6400K, reserved 1048576K
Event: 229.880 GC heap after
Heap after GC invocations=185 (full 4):
 PSYoungGen      total 522752K, used 480K [0x00000000d6400000, 0x00000000f6880000, 0x0000000100000000)
  eden space 521728K, 0% used [0x00000000d6400000,0x00000000d6400000,0x00000000f6180000)
  from space 1024K, 46% used [0x00000000f6180000,0x00000000f61f8000,0x00000000f6280000)
  to   space 1024K, 0% used [0x00000000f6780000,0x00000000f6780000,0x00000000f6880000)
 ParOldGen       total 59904K, used 58172K [0x0000000082c00000, 0x0000000086680000, 0x00000000d6400000)
  object space 59904K, 97% used [0x0000000082c00000,0x00000000864cf160,0x0000000086680000)
 Metaspace       used 48109K, capacity 49202K, committed 49408K, reserved 1091584K
  class space    used 6013K, capacity 6311K, committed 6400K, reserved 1048576K
}
Event: 230.709 GC heap before
{Heap before GC invocations=186 (full 4):
 PSYoungGen      total 522752K, used 522208K [0x00000000d6400000, 0x00000000f6880000, 0x0000000100000000)
  eden space 521728K, 100% used [0x00000000d6400000,0x00000000f6180000,0x00000000f6180000)
  from space 1024K, 46% used [0x00000000f6180000,0x00000000f61f8000,0x00000000f6280000)
  to   space 1024K, 0% used [0x00000000f6780000,0x00000000f6780000,0x00000000f6880000)
 ParOldGen       total 59904K, used 58172K [0x0000000082c00000, 0x0000000086680000, 0x00000000d6400000)
  object space 59904K, 97% used [0x0000000082c00000,0x00000000864cf160,0x0000000086680000)
 Metaspace       used 48110K, capacity 49202K, committed 49408K, reserved 1091584K
  class space    used 6013K, capacity 6311K, committed 6400K, reserved 1048576K
Event: 230.711 GC heap after
Heap after GC invocations=186 (full 4):
 PSYoungGen      total 527872K, used 544K [0x00000000d6400000, 0x00000000f6900000, 0x0000000100000000)
  eden space 526848K, 0% used [0x00000000d6400000,0x00000000d6400000,0x00000000f6680000)
  from space 1024K, 53% used [0x00000000f6780000,0x00000000f6808000,0x00000000f6880000)
  to   space 1024K, 0% used [0x00000000f6680000,0x00000000f6680000,0x00000000f6780000)
 ParOldGen       total 59904K, used 58212K [0x0000000082c00000, 0x0000000086680000, 0x00000000d6400000)
  object space 59904K, 97% used [0x0000000082c00000,0x00000000864d9160,0x0000000086680000)
 Metaspace       used 48110K, capacity 49202K, committed 49408K, reserved 1091584K
  class space    used 6013K, capacity 6311K, committed 6400K, reserved 1048576K
}
Event: 231.560 GC heap before
{Heap before GC invocations=187 (full 4):
 PSYoungGen      total 527872K, used 527392K [0x00000000d6400000, 0x00000000f6900000, 0x0000000100000000)
  eden space 526848K, 100% used [0x00000000d6400000,0x00000000f6680000,0x00000000f6680000)
  from space 1024K, 53% used [0x00000000f6780000,0x00000000f6808000,0x00000000f6880000)
  to   space 1024K, 0% used [0x00000000f6680000,0x00000000f6680000,0x00000000f6780000)
 ParOldGen       total 59904K, used 58212K [0x0000000082c00000, 0x0000000086680000, 0x00000000d6400000)
  object space 59904K, 97% used [0x0000000082c00000,0x00000000864d9160,0x0000000086680000)
 Metaspace       used 48110K, capacity 49202K, committed 49408K, reserved 1091584K
  class space    used 6013K, capacity 6311K, committed 6400K, reserved 1048576K
Event: 231.562 GC heap after
Heap after GC invocations=187 (full 4):
 PSYoungGen      total 527872K, used 512K [0x00000000d6400000, 0x00000000f6d80000, 0x0000000100000000)
  eden space 526848K, 0% used [0x00000000d6400000,0x00000000d6400000,0x00000000f6680000)
  from space 1024K, 50% used [0x00000000f6680000,0x00000000f6700000,0x00000000f6780000)
  to   space 1024K, 0% used [0x00000000f6c80000,0x00000000f6c80000,0x00000000f6d80000)
 ParOldGen       total 59904K, used 58268K [0x0000000082c00000, 0x0000000086680000, 0x00000000d6400000)
  object space 59904K, 97% used [0x0000000082c00000,0x00000000864e7160,0x0000000086680000)
 Metaspace       used 48110K, capacity 49202K, committed 49408K, reserved 1091584K
  class space    used 6013K, capacity 6311K, committed 6400K, reserved 1048576K
}
Event: 232.398 GC heap before
{Heap before GC invocations=188 (full 4):
 PSYoungGen      total 527872K, used 527360K [0x00000000d6400000, 0x00000000f6d80000, 0x0000000100000000)
  eden space 526848K, 100% used [0x00000000d6400000,0x00000000f6680000,0x00000000f6680000)
  from space 1024K, 50% used [0x00000000f6680000,0x00000000f6700000,0x00000000f6780000)
  to   space 1024K, 0% used [0x00000000f6c80000,0x00000000f6c80000,0x00000000f6d80000)
 ParOldGen       total 59904K, used 58268K [0x0000000082c00000, 0x0000000086680000, 0x00000000d6400000)
  object space 59904K, 97% used [0x0000000082c00000,0x00000000864e7160,0x0000000086680000)
 Metaspace       used 48110K, capacity 49202K, committed 49408K, reserved 1091584K
  class space    used 6013K, capacity 6311K, committed 6400K, reserved 1048576K
Event: 232.400 GC heap after
Heap after GC invocations=188 (full 4):
 PSYoungGen      total 532992K, used 544K [0x00000000d6400000, 0x00000000f6e00000, 0x0000000100000000)
  eden space 531968K, 0% used [0x00000000d6400000,0x00000000d6400000,0x00000000f6b80000)
  from space 1024K, 53% used [0x00000000f6c80000,0x00000000f6d08000,0x00000000f6d80000)
  to   space 1024K, 0% used [0x00000000f6b80000,0x00000000f6b80000,0x00000000f6c80000)
 ParOldGen       total 59904K, used 58316K [0x0000000082c00000, 0x0000000086680000, 0x00000000d6400000)
  object space 59904K, 97% used [0x0000000082c00000,0x00000000864f3160,0x0000000086680000)
 Metaspace       used 48110K, capacity 49202K, committed 49408K, reserved 1091584K
  class space    used 6013K, capacity 6311K, committed 6400K, reserved 1048576K
}

